{
  "RSpec": {
    "coverage": {
      "/home/haydenbetts-123324/code/labs/tic-tac-toe-rb-cb-gh-000/lib/tic_tac_toe.rb": [
        1,
        null,
        null,
        null,
        null,
        null,
        null,
        null,
        null,
        null,
        null,
        1,
        22,
        22,
        22,
        22,
        22,
        null,
        null,
        1,
        24,
        null,
        null,
        null,
        1,
        23,
        null,
        null,
        1,
        26,
        null,
        null,
        1,
        24,
        null,
        null,
        1,
        21,
        21,
        21,
        21,
        21,
        20,
        20,
        null,
        1,
        null,
        null,
        null,
        1,
        23,
        23,
        207,
        32,
        null,
        null,
        23,
        null,
        null,
        1,
        22,
        22,
        15,
        null,
        7,
        null,
        null,
        null,
        1,
        null,
        null,
        null,
        52,
        326,
        326,
        326,
        326,
        326,
        326,
        null,
        null,
        null,
        326,
        635,
        null,
        null,
        null,
        1,
        37,
        null,
        null,
        1,
        24,
        null,
        null,
        1,
        22,
        null,
        null,
        1,
        null,
        null,
        7,
        6,
        6,
        null,
        null,
        null,
        null,
        null,
        1,
        12,
        18,
        null,
        12,
        5,
        7,
        3,
        null,
        null
      ]
    },
    "timestamp": 1503091461
  }
}
