{
  "RSpec": {
    "coverage": {
      "/home/srinathnitt/code/labs/tic-tac-toe-rb-cb-gh-000/lib/tic_tac_toe.rb": [
        null,
        1,
        24,
        24,
        24,
        24,
        24,
        null,
        null,
        null,
        1,
        22,
        null,
        null,
        1,
        22,
        null,
        null,
        1,
        24,
        21,
        null,
        3,
        null,
        null,
        null,
        1,
        22,
        19,
        null,
        3,
        null,
        null,
        null,
        null,
        1,
        null,
        19,
        19,
        19,
        19,
        1,
        null,
        19,
        null,
        19,
        null,
        null,
        1,
        21,
        21,
        189,
        null,
        21,
        null,
        null,
        1,
        20,
        13,
        null,
        7,
        null,
        null,
        null,
        1,
        null,
        1,
        82,
        544,
        29,
        null,
        null,
        53,
        null,
        null,
        1,
        128,
        null,
        null,
        1,
        27,
        null,
        null,
        1,
        20,
        null,
        null,
        1,
        23,
        6,
        null,
        null,
        null,
        null,
        null,
        1,
        12,
        16,
        null,
        12,
        5,
        7,
        3,
        null,
        null
      ]
    },
    "timestamp": 1491769697
  }
}
